2026-04-03 12:08:59,399 [INFO] ============================================================
2026-04-03 12:08:59,400 [INFO] INICIO DEL PROCESO ARCHIVISTICO
2026-04-03 12:08:59,401 [INFO]   Excel:     C:\Users\ferna\Videos\fracmen_auto\inventario.xlsx
2026-04-03 12:08:59,401 [INFO]   PDF:       C:\Users\ferna\Videos\fracmen_auto\documento.pdf
2026-04-03 12:08:59,402 [INFO]   Filas:     2 → 6
2026-04-03 12:08:59,403 [INFO]   Salida:    C:\Users\ferna\Videos\fracmen_auto\output
2026-04-03 12:08:59,403 [INFO]   DRY RUN:   False
2026-04-03 12:08:59,404 [INFO]   Saltos:    OFF
2026-04-03 12:08:59,404 [INFO] ============================================================
2026-04-03 12:08:59,404 [INFO] Cargando Excel: C:\Users\ferna\Videos\fracmen_auto\inventario.xlsx
2026-04-03 12:08:59,835 [INFO] Excel cargado: 22 registros encontrados (columnas: ['N° DE REGISTRO', 'ESCRIBANO/NOTARIO', 'N° DE PROT.', 'N° DE FOLIOS', 'DATA TOPICA(Lugar)', 'FECHA INICIAL', 'TITULO/ESCRITURA', 'INTERESADO 1', 'INTERESADO 2', 'INTERESADO 3', 'ALCANCE Y CONTENIDO', 'OBSERVACIONES', 'RESPONSABLE DE LA DESCRIPCION', 'FECHA DE DESCRIPCION'])
2026-04-03 12:08:59,836 [INFO] Filas seleccionadas: 5 (de 2 a 6 del Excel)
2026-04-03 12:08:59,836 [INFO] Abriendo PDF fuente: C:\Users\ferna\Videos\fracmen_auto\documento.pdf (29 KB)
2026-04-03 12:08:59,859 [INFO] PDF fuente tiene 40 páginas
2026-04-03 12:08:59,917 [DEBUG] PDF escrito: C:\Users\ferna\Videos\fracmen_auto\output\PORTUGAL, Cesar\1567\Protocolo N° 1\Obligacion\5- Mayo\Diego de Aramburu\Antonio de Oviedo.pdf (2 páginas)
2026-04-03 12:08:59,917 [INFO] Fila 2 / Reg 1: OK - output\PORTUGAL, Cesar\1567\Protocolo N° 1\Obligacion\5- Mayo\Diego de Aramburu\Antonio de Oviedo.pdf (2 pag.: [1, 2])
2026-04-03 12:08:59,924 [DEBUG] PDF escrito: C:\Users\ferna\Videos\fracmen_auto\output\PORTUGAL, Cesar\1567\Protocolo N° 1\Carta de deuda\5- Mayo\Juan de Mendoza\Isabel de Castilla.pdf (2 páginas)
2026-04-03 12:08:59,926 [INFO] Fila 3 / Reg 2: OK - output\PORTUGAL, Cesar\1567\Protocolo N° 1\Carta de deuda\5- Mayo\Juan de Mendoza\Isabel de Castilla.pdf (2 pag.: [3, 4])
2026-04-03 12:08:59,933 [DEBUG] PDF escrito: C:\Users\ferna\Videos\fracmen_auto\output\PORTUGAL, Cesar\1567\Protocolo N° 1\Pago\5- Mayo\Francisco de Toledo\Catalina de Aragón.pdf (2 páginas)
2026-04-03 12:08:59,933 [INFO] Fila 4 / Reg 3: OK - output\PORTUGAL, Cesar\1567\Protocolo N° 1\Pago\5- Mayo\Francisco de Toledo\Catalina de Aragón.pdf (2 pag.: [5, 6])
2026-04-03 12:08:59,947 [DEBUG] PDF escrito: C:\Users\ferna\Videos\fracmen_auto\output\PORTUGAL, Cesar\1567\Protocolo N° 1\Servicio\5- Mayo\Alonso Pérez\Beatriz Enríquez.pdf (6 páginas)
2026-04-03 12:08:59,948 [INFO] Fila 5 / Reg 4: OK - output\PORTUGAL, Cesar\1567\Protocolo N° 1\Servicio\5- Mayo\Alonso Pérez\Beatriz Enríquez.pdf (6 pag.: [7, 8, 9, 10, 11, 12])
2026-04-03 12:08:59,955 [DEBUG] PDF escrito: C:\Users\ferna\Videos\fracmen_auto\output\PORTUGAL, Cesar\1567\Protocolo N° 1\Escritura Perdon\5- Mayo\Hernando de Soto\Juana de Austria.pdf (1 páginas)
2026-04-03 12:08:59,955 [INFO] Fila 6 / Reg 5: OK - output\PORTUGAL, Cesar\1567\Protocolo N° 1\Escritura Perdon\5- Mayo\Hernando de Soto\Juana de Austria.pdf (1 pag.: [13])
2026-04-03 12:08:59,958 [INFO] ============================================================
2026-04-03 12:08:59,959 [INFO] RESUMEN DEL PROCESO
2026-04-03 12:08:59,959 [INFO]   Filas seleccionadas: 5
2026-04-03 12:08:59,960 [INFO]   Procesados:          5
2026-04-03 12:08:59,960 [INFO]   Pendientes:          0
2026-04-03 12:08:59,960 [INFO]   Tiempo:              0.56 segundos
2026-04-03 12:08:59,961 [INFO]   Pendientes CSV:      C:\Users\ferna\Videos\fracmen_auto\logs\pendientes.csv
2026-04-03 12:08:59,961 [INFO]   Log completo:        C:\Users\ferna\Videos\fracmen_auto\logs\process.log
2026-04-03 12:08:59,962 [INFO] ============================================================
2026-04-03 12:12:22,578 [INFO] ============================================================
2026-04-03 12:12:22,579 [INFO] INICIO DEL PROCESO ARCHIVISTICO
2026-04-03 12:12:22,580 [INFO]   Excel:     mi_inventario.xlsx
2026-04-03 12:12:22,580 [INFO]   PDF:       protocolo1.pdf
2026-04-03 12:12:22,580 [INFO]   Filas:     1 → 120
2026-04-03 12:12:22,581 [INFO]   Salida:    C:\Users\ferna\Videos\fracmen_auto\output
2026-04-03 12:12:22,581 [INFO]   DRY RUN:   False
2026-04-03 12:12:22,581 [INFO]   Saltos:    ON
2026-04-03 12:12:22,581 [INFO] ============================================================
2026-04-03 12:12:22,582 [CRITICAL] Archivo no encontrado: Archivo Excel no encontrado: mi_inventario.xlsx
2026-04-03 12:12:54,474 [INFO] ============================================================
2026-04-03 12:12:54,474 [INFO] INICIO DEL PROCESO ARCHIVISTICO
2026-04-03 12:12:54,475 [INFO]   Excel:     inventario.xlsx
2026-04-03 12:12:54,475 [INFO]   PDF:       protocolo1.pdf
2026-04-03 12:12:54,476 [INFO]   Filas:     1 → 120
2026-04-03 12:12:54,476 [INFO]   Salida:    C:\Users\ferna\Videos\fracmen_auto\output
2026-04-03 12:12:54,477 [INFO]   DRY RUN:   False
2026-04-03 12:12:54,477 [INFO]   Saltos:    ON
2026-04-03 12:12:54,477 [INFO] ============================================================
2026-04-03 12:12:54,478 [INFO] Cargando Excel: inventario.xlsx
2026-04-03 12:12:54,955 [INFO] Excel cargado: 22 registros encontrados (columnas: ['N° DE REGISTRO', 'ESCRIBANO/NOTARIO', 'N° DE PROT.', 'N° DE FOLIOS', 'DATA TOPICA(Lugar)', 'FECHA INICIAL', 'TITULO/ESCRITURA', 'INTERESADO 1', 'INTERESADO 2', 'INTERESADO 3', 'ALCANCE Y CONTENIDO', 'OBSERVACIONES', 'RESPONSABLE DE LA DESCRIPCION', 'FECHA DE DESCRIPCION'])
2026-04-03 12:12:54,957 [INFO] Filas seleccionadas: 22 (de 1 a 22 del Excel)
2026-04-03 12:12:54,958 [CRITICAL] Archivo no encontrado: PDF no encontrado: protocolo1.pdf
2026-04-03 12:13:37,424 [INFO] ============================================================
2026-04-03 12:13:37,425 [INFO] INICIO DEL PROCESO ARCHIVISTICO
2026-04-03 12:13:37,426 [INFO]   Excel:     mi_inventario.xlsx
2026-04-03 12:13:37,426 [INFO]   PDF:       documento.pdf
2026-04-03 12:13:37,426 [INFO]   Filas:     1 → 120
2026-04-03 12:13:37,426 [INFO]   Salida:    C:\Users\ferna\Videos\fracmen_auto\output
2026-04-03 12:13:37,427 [INFO]   DRY RUN:   False
2026-04-03 12:13:37,427 [INFO]   Saltos:    ON
2026-04-03 12:13:37,427 [INFO] ============================================================
2026-04-03 12:13:37,428 [CRITICAL] Archivo no encontrado: Archivo Excel no encontrado: mi_inventario.xlsx
2026-04-03 12:14:01,848 [INFO] ============================================================
2026-04-03 12:14:01,848 [INFO] INICIO DEL PROCESO ARCHIVISTICO
2026-04-03 12:14:01,849 [INFO]   Excel:     inventario.xlsx
2026-04-03 12:14:01,849 [INFO]   PDF:       documento.pdf
2026-04-03 12:14:01,849 [INFO]   Filas:     1 → 120
2026-04-03 12:14:01,849 [INFO]   Salida:    C:\Users\ferna\Videos\fracmen_auto\output
2026-04-03 12:14:01,850 [INFO]   DRY RUN:   False
2026-04-03 12:14:01,850 [INFO]   Saltos:    ON
2026-04-03 12:14:01,850 [INFO] ============================================================
2026-04-03 12:14:01,851 [INFO] Cargando Excel: inventario.xlsx
2026-04-03 12:14:02,288 [INFO] Excel cargado: 22 registros encontrados (columnas: ['N° DE REGISTRO', 'ESCRIBANO/NOTARIO', 'N° DE PROT.', 'N° DE FOLIOS', 'DATA TOPICA(Lugar)', 'FECHA INICIAL', 'TITULO/ESCRITURA', 'INTERESADO 1', 'INTERESADO 2', 'INTERESADO 3', 'ALCANCE Y CONTENIDO', 'OBSERVACIONES', 'RESPONSABLE DE LA DESCRIPCION', 'FECHA DE DESCRIPCION'])
2026-04-03 12:14:02,289 [INFO] Filas seleccionadas: 22 (de 1 a 22 del Excel)
2026-04-03 12:14:02,290 [INFO] Abriendo PDF fuente: documento.pdf (29 KB)
2026-04-03 12:14:02,302 [INFO] PDF fuente tiene 40 páginas
2026-04-03 12:14:02,336 [INFO] Fila 1 / Reg : OMITIDO - Folios vacíos o nulos
2026-04-03 12:14:02,337 [DEBUG] Colisión resuelta → Antonio de Oviedo_2.pdf
2026-04-03 12:14:02,346 [DEBUG] PDF escrito: C:\Users\ferna\Videos\fracmen_auto\output\PORTUGAL, Cesar\1567\Protocolo N° 1\Obligacion\5- Mayo\Diego de Aramburu\Antonio de Oviedo_2.pdf (2 páginas)
2026-04-03 12:14:02,347 [INFO] Fila 2 / Reg 1: OK - output\PORTUGAL, Cesar\1567\Protocolo N° 1\Obligacion\5- Mayo\Diego de Aramburu\Antonio de Oviedo_2.pdf (2 pag.: [1, 2])
2026-04-03 12:14:02,349 [DEBUG] Colisión resuelta → Isabel de Castilla_2.pdf
2026-04-03 12:14:02,354 [DEBUG] PDF escrito: C:\Users\ferna\Videos\fracmen_auto\output\PORTUGAL, Cesar\1567\Protocolo N° 1\Carta de deuda\5- Mayo\Juan de Mendoza\Isabel de Castilla_2.pdf (2 páginas)
2026-04-03 12:14:02,355 [INFO] Fila 3 / Reg 2: OK - output\PORTUGAL, Cesar\1567\Protocolo N° 1\Carta de deuda\5- Mayo\Juan de Mendoza\Isabel de Castilla_2.pdf (2 pag.: [3, 4])
2026-04-03 12:14:02,356 [DEBUG] Colisión resuelta → Catalina de Aragón_2.pdf
2026-04-03 12:14:02,362 [DEBUG] PDF escrito: C:\Users\ferna\Videos\fracmen_auto\output\PORTUGAL, Cesar\1567\Protocolo N° 1\Pago\5- Mayo\Francisco de Toledo\Catalina de Aragón_2.pdf (2 páginas)
2026-04-03 12:14:02,363 [INFO] Fila 4 / Reg 3: OK - output\PORTUGAL, Cesar\1567\Protocolo N° 1\Pago\5- Mayo\Francisco de Toledo\Catalina de Aragón_2.pdf (2 pag.: [5, 6])
2026-04-03 12:14:02,365 [DEBUG] Colisión resuelta → Beatriz Enríquez_2.pdf
2026-04-03 12:14:02,374 [DEBUG] PDF escrito: C:\Users\ferna\Videos\fracmen_auto\output\PORTUGAL, Cesar\1567\Protocolo N° 1\Servicio\5- Mayo\Alonso Pérez\Beatriz Enríquez_2.pdf (6 páginas)
2026-04-03 12:14:02,374 [INFO] Fila 5 / Reg 4: OK - output\PORTUGAL, Cesar\1567\Protocolo N° 1\Servicio\5- Mayo\Alonso Pérez\Beatriz Enríquez_2.pdf (6 pag.: [7, 8, 9, 10, 11, 12])
2026-04-03 12:14:02,376 [DEBUG] Colisión resuelta → Juana de Austria_2.pdf
2026-04-03 12:14:02,382 [DEBUG] PDF escrito: C:\Users\ferna\Videos\fracmen_auto\output\PORTUGAL, Cesar\1567\Protocolo N° 1\Escritura Perdon\5- Mayo\Hernando de Soto\Juana de Austria_2.pdf (1 páginas)
2026-04-03 12:14:02,383 [INFO] Fila 6 / Reg 5: OK - output\PORTUGAL, Cesar\1567\Protocolo N° 1\Escritura Perdon\5- Mayo\Hernando de Soto\Juana de Austria_2.pdf (1 pag.: [13])
2026-04-03 12:14:02,393 [DEBUG] PDF escrito: C:\Users\ferna\Videos\fracmen_auto\output\PORTUGAL, Cesar\1567\Protocolo N° 1\Recibo\5- Mayo\Diego Velázquez\Leonor de Guzmán.pdf (2 páginas)
2026-04-03 12:14:02,394 [INFO] Fila 7 / Reg 6: OK - output\PORTUGAL, Cesar\1567\Protocolo N° 1\Recibo\5- Mayo\Diego Velázquez\Leonor de Guzmán.pdf (2 pag.: [14, 15])
2026-04-03 12:14:02,405 [DEBUG] PDF escrito: C:\Users\ferna\Videos\fracmen_auto\output\PORTUGAL, Cesar\1567\Protocolo N° 1\Poder\5- Mayo\Rodrigo de Cervantes\María de Zúñiga.pdf (8 páginas)
2026-04-03 12:14:02,406 [INFO] Fila 8 / Reg 7: OK - output\PORTUGAL, Cesar\1567\Protocolo N° 1\Poder\5- Mayo\Rodrigo de Cervantes\María de Zúñiga.pdf (8 pag.: [16, 17, 18, 19, 20, 21, 22, 23])
2026-04-03 12:14:02,416 [DEBUG] PDF escrito: C:\Users\ferna\Videos\fracmen_auto\output\PORTUGAL, Cesar\1567\Protocolo N° 1\Renuncia de Oficio\5- Mayo\Martín de Alarcón\Inés.pdf (2 páginas)
2026-04-03 12:14:02,416 [INFO] Fila 9 / Reg 8: OK - output\PORTUGAL, Cesar\1567\Protocolo N° 1\Renuncia de Oficio\5- Mayo\Martín de Alarcón\Inés.pdf (2 pag.: [24, 25])
2026-04-03 12:14:02,418 [WARNING] Fila 10 / Reg 9: OMITIDO - Salto de secuencia detectado: se esperaba página 26 pero se encontró página 25 (folios '13r-15v'). Páginas faltantes: []
2026-04-03 12:14:02,419 [WARNING] Fila 11 / Reg 10: OMITIDO - Salto de secuencia detectado: se esperaba página 26 pero se encontró página 31 (folios '16r-18r'). Páginas faltantes: [26, 27, 28, 29, 30]
2026-04-03 12:14:02,420 [WARNING] Fila 12 / Reg 11: OMITIDO - Salto de secuencia detectado: se esperaba página 26 pero se encontró página 36 (folios '18v-19r'). Páginas faltantes: [26, 27, 28, 29, 30, 31, 32, 33, 34, 35]
2026-04-03 12:14:02,422 [INFO] Fila 13 / Reg 12: OMITIDO - Folios vacíos o nulos
2026-04-03 12:14:02,423 [INFO] Fila 14 / Reg 13: OMITIDO - Folios vacíos o nulos
2026-04-03 12:14:02,424 [INFO] Fila 15 / Reg 14: OMITIDO - Folios vacíos o nulos
2026-04-03 12:14:02,425 [INFO] Fila 16 / Reg 15: OMITIDO - Folios vacíos o nulos
2026-04-03 12:14:02,426 [INFO] Fila 17 / Reg 16: OMITIDO - Folios vacíos o nulos
2026-04-03 12:14:02,427 [INFO] Fila 18 / Reg 17: OMITIDO - Folios vacíos o nulos
2026-04-03 12:14:02,428 [INFO] Fila 19 / Reg 18: OMITIDO - Folios vacíos o nulos
2026-04-03 12:14:02,430 [INFO] Fila 20 / Reg 19: OMITIDO - Folios vacíos o nulos
2026-04-03 12:14:02,431 [INFO] Fila 21 / Reg 20: OMITIDO - Folios vacíos o nulos
2026-04-03 12:14:02,432 [INFO] Fila 22 / Reg 21: OMITIDO - Folios vacíos o nulos
2026-04-03 12:14:02,434 [INFO] ============================================================
2026-04-03 12:14:02,435 [INFO] RESUMEN DEL PROCESO
2026-04-03 12:14:02,435 [INFO]   Filas seleccionadas: 22
2026-04-03 12:14:02,436 [INFO]   Procesados:          8
2026-04-03 12:14:02,436 [INFO]   Pendientes:          14
2026-04-03 12:14:02,437 [INFO]   Tiempo:              0.59 segundos
2026-04-03 12:14:02,437 [INFO]   Pendientes CSV:      C:\Users\ferna\Videos\fracmen_auto\logs\pendientes.csv
2026-04-03 12:14:02,438 [INFO]   Log completo:        C:\Users\ferna\Videos\fracmen_auto\logs\process.log
2026-04-03 12:14:02,439 [INFO] ============================================================
2026-04-03 12:15:09,966 [INFO] ============================================================
2026-04-03 12:15:09,966 [INFO] INICIO DEL PROCESO ARCHIVISTICO
2026-04-03 12:15:09,967 [INFO]   Excel:     inventario.xlsx
2026-04-03 12:15:09,967 [INFO]   PDF:       documento.pdf
2026-04-03 12:15:09,968 [INFO]   Filas:     1 → 12
2026-04-03 12:15:09,968 [INFO]   Salida:    C:\Users\ferna\Videos\fracmen_auto\output
2026-04-03 12:15:09,968 [INFO]   DRY RUN:   False
2026-04-03 12:15:09,968 [INFO]   Saltos:    ON
2026-04-03 12:15:09,969 [INFO] ============================================================
2026-04-03 12:15:09,969 [INFO] Cargando Excel: inventario.xlsx
2026-04-03 12:15:10,507 [INFO] Excel cargado: 22 registros encontrados (columnas: ['N° DE REGISTRO', 'ESCRIBANO/NOTARIO', 'N° DE PROT.', 'N° DE FOLIOS', 'DATA TOPICA(Lugar)', 'FECHA INICIAL', 'TITULO/ESCRITURA', 'INTERESADO 1', 'INTERESADO 2', 'INTERESADO 3', 'ALCANCE Y CONTENIDO', 'OBSERVACIONES', 'RESPONSABLE DE LA DESCRIPCION', 'FECHA DE DESCRIPCION'])
2026-04-03 12:15:10,508 [INFO] Filas seleccionadas: 12 (de 1 a 12 del Excel)
2026-04-03 12:15:10,509 [INFO] Abriendo PDF fuente: documento.pdf (29 KB)
2026-04-03 12:15:10,533 [INFO] PDF fuente tiene 40 páginas
2026-04-03 12:15:10,576 [INFO] Fila 1 / Reg : OMITIDO - Folios vacíos o nulos
2026-04-03 12:15:10,578 [DEBUG] Colisión resuelta → Antonio de Oviedo_3.pdf
2026-04-03 12:15:10,588 [DEBUG] PDF escrito: C:\Users\ferna\Videos\fracmen_auto\output\PORTUGAL, Cesar\1567\Protocolo N° 1\Obligacion\5- Mayo\Diego de Aramburu\Antonio de Oviedo_3.pdf (2 páginas)
2026-04-03 12:15:10,588 [INFO] Fila 2 / Reg 1: OK - output\PORTUGAL, Cesar\1567\Protocolo N° 1\Obligacion\5- Mayo\Diego de Aramburu\Antonio de Oviedo_3.pdf (2 pag.: [1, 2])
2026-04-03 12:15:10,590 [DEBUG] Colisión resuelta → Isabel de Castilla_3.pdf
2026-04-03 12:15:10,597 [DEBUG] PDF escrito: C:\Users\ferna\Videos\fracmen_auto\output\PORTUGAL, Cesar\1567\Protocolo N° 1\Carta de deuda\5- Mayo\Juan de Mendoza\Isabel de Castilla_3.pdf (2 páginas)
2026-04-03 12:15:10,598 [INFO] Fila 3 / Reg 2: OK - output\PORTUGAL, Cesar\1567\Protocolo N° 1\Carta de deuda\5- Mayo\Juan de Mendoza\Isabel de Castilla_3.pdf (2 pag.: [3, 4])
2026-04-03 12:15:10,600 [DEBUG] Colisión resuelta → Catalina de Aragón_3.pdf
2026-04-03 12:15:10,605 [DEBUG] PDF escrito: C:\Users\ferna\Videos\fracmen_auto\output\PORTUGAL, Cesar\1567\Protocolo N° 1\Pago\5- Mayo\Francisco de Toledo\Catalina de Aragón_3.pdf (2 páginas)
2026-04-03 12:15:10,606 [INFO] Fila 4 / Reg 3: OK - output\PORTUGAL, Cesar\1567\Protocolo N° 1\Pago\5- Mayo\Francisco de Toledo\Catalina de Aragón_3.pdf (2 pag.: [5, 6])
2026-04-03 12:15:10,608 [DEBUG] Colisión resuelta → Beatriz Enríquez_3.pdf
2026-04-03 12:15:10,621 [DEBUG] PDF escrito: C:\Users\ferna\Videos\fracmen_auto\output\PORTUGAL, Cesar\1567\Protocolo N° 1\Servicio\5- Mayo\Alonso Pérez\Beatriz Enríquez_3.pdf (6 páginas)
2026-04-03 12:15:10,622 [INFO] Fila 5 / Reg 4: OK - output\PORTUGAL, Cesar\1567\Protocolo N° 1\Servicio\5- Mayo\Alonso Pérez\Beatriz Enríquez_3.pdf (6 pag.: [7, 8, 9, 10, 11, 12])
2026-04-03 12:15:10,625 [DEBUG] Colisión resuelta → Juana de Austria_3.pdf
2026-04-03 12:15:10,632 [DEBUG] PDF escrito: C:\Users\ferna\Videos\fracmen_auto\output\PORTUGAL, Cesar\1567\Protocolo N° 1\Escritura Perdon\5- Mayo\Hernando de Soto\Juana de Austria_3.pdf (1 páginas)
2026-04-03 12:15:10,633 [INFO] Fila 6 / Reg 5: OK - output\PORTUGAL, Cesar\1567\Protocolo N° 1\Escritura Perdon\5- Mayo\Hernando de Soto\Juana de Austria_3.pdf (1 pag.: [13])
2026-04-03 12:15:10,635 [DEBUG] Colisión resuelta → Leonor de Guzmán_2.pdf
2026-04-03 12:15:10,639 [DEBUG] PDF escrito: C:\Users\ferna\Videos\fracmen_auto\output\PORTUGAL, Cesar\1567\Protocolo N° 1\Recibo\5- Mayo\Diego Velázquez\Leonor de Guzmán_2.pdf (2 páginas)
2026-04-03 12:15:10,640 [INFO] Fila 7 / Reg 6: OK - output\PORTUGAL, Cesar\1567\Protocolo N° 1\Recibo\5- Mayo\Diego Velázquez\Leonor de Guzmán_2.pdf (2 pag.: [14, 15])
2026-04-03 12:15:10,642 [DEBUG] Colisión resuelta → María de Zúñiga_2.pdf
2026-04-03 12:15:10,658 [DEBUG] PDF escrito: C:\Users\ferna\Videos\fracmen_auto\output\PORTUGAL, Cesar\1567\Protocolo N° 1\Poder\5- Mayo\Rodrigo de Cervantes\María de Zúñiga_2.pdf (8 páginas)
2026-04-03 12:15:10,660 [INFO] Fila 8 / Reg 7: OK - output\PORTUGAL, Cesar\1567\Protocolo N° 1\Poder\5- Mayo\Rodrigo de Cervantes\María de Zúñiga_2.pdf (8 pag.: [16, 17, 18, 19, 20, 21, 22, 23])
2026-04-03 12:15:10,662 [DEBUG] Colisión resuelta → Inés_2.pdf
2026-04-03 12:15:10,667 [DEBUG] PDF escrito: C:\Users\ferna\Videos\fracmen_auto\output\PORTUGAL, Cesar\1567\Protocolo N° 1\Renuncia de Oficio\5- Mayo\Martín de Alarcón\Inés_2.pdf (2 páginas)
2026-04-03 12:15:10,668 [INFO] Fila 9 / Reg 8: OK - output\PORTUGAL, Cesar\1567\Protocolo N° 1\Renuncia de Oficio\5- Mayo\Martín de Alarcón\Inés_2.pdf (2 pag.: [24, 25])
2026-04-03 12:15:10,669 [WARNING] Fila 10 / Reg 9: OMITIDO - Salto de secuencia detectado: se esperaba página 26 pero se encontró página 25 (folios '13r-15v'). Páginas faltantes: []
2026-04-03 12:15:10,670 [WARNING] Fila 11 / Reg 10: OMITIDO - Salto de secuencia detectado: se esperaba página 26 pero se encontró página 31 (folios '16r-18r'). Páginas faltantes: [26, 27, 28, 29, 30]
2026-04-03 12:15:10,671 [WARNING] Fila 12 / Reg 11: OMITIDO - Salto de secuencia detectado: se esperaba página 26 pero se encontró página 36 (folios '18v-19r'). Páginas faltantes: [26, 27, 28, 29, 30, 31, 32, 33, 34, 35]
2026-04-03 12:15:10,673 [INFO] ============================================================
2026-04-03 12:15:10,674 [INFO] RESUMEN DEL PROCESO
2026-04-03 12:15:10,674 [INFO]   Filas seleccionadas: 12
2026-04-03 12:15:10,674 [INFO]   Procesados:          8
2026-04-03 12:15:10,675 [INFO]   Pendientes:          4
2026-04-03 12:15:10,676 [INFO]   Tiempo:              0.71 segundos
2026-04-03 12:15:10,677 [INFO]   Pendientes CSV:      C:\Users\ferna\Videos\fracmen_auto\logs\pendientes.csv
2026-04-03 12:15:10,678 [INFO]   Log completo:        C:\Users\ferna\Videos\fracmen_auto\logs\process.log
2026-04-03 12:15:10,679 [INFO] ============================================================
2026-04-28 10:50:13,019 [INFO] ============================================================
2026-04-28 10:50:13,019 [INFO] INICIO DEL PROCESO ARCHIVISTICO
2026-04-28 10:50:13,019 [INFO]   Excel:     C:\Users\Alonso\Videos\automa_fragmentaci-nPDF\copia_cata_DiegoAguilar.xlsx
2026-04-28 10:50:13,019 [INFO]   PDF:       C:\Users\Alonso\Videos\automa_fragmentaci-nPDF\documento.pdf
2026-04-28 10:50:13,019 [INFO]   Filas:     12 → 15
2026-04-28 10:50:13,039 [INFO]   Salida:    C:\Users\Alonso\Videos\automa_fragmentaci-nPDF\output
2026-04-28 10:50:13,039 [INFO]   DRY RUN:   True
2026-04-28 10:50:13,039 [INFO]   Saltos:    ON
2026-04-28 10:50:13,039 [INFO] ============================================================
2026-04-28 10:50:13,048 [INFO] Metadata leída → Siglo: 'XVI'  |  Acervo N°: '7'
2026-04-28 10:50:13,049 [INFO]   Fondo:     ACERVO DOCUMENTAL NUMERO 7  |  SIGLO XVI
2026-04-28 10:50:13,049 [INFO] Cargando Excel: C:\Users\Alonso\Videos\automa_fragmentaci-nPDF\copia_cata_DiegoAguilar.xlsx
2026-04-28 10:50:13,164 [INFO] Eliminados 35 marcadores de sección (Protocolo/Registro) de los datos
2026-04-28 10:50:13,164 [INFO] Excel cargado: 877 registros (filas 12–950 del Excel)
2026-04-28 10:50:13,164 [INFO] Filas seleccionadas: 4 (filas Excel 12 a 15)
2026-04-28 10:50:13,164 [INFO] Abriendo PDF fuente: C:\Users\Alonso\Videos\automa_fragmentaci-nPDF\documento.pdf (572 KB)
2026-04-28 10:50:13,176 [WARNING] incorrect startxref pointer(1)
2026-04-28 10:50:13,177 [WARNING] parsing for Object Streams
2026-04-28 10:50:13,293 [INFO] PDF fuente tiene 768 páginas
2026-04-28 10:50:13,308 [INFO] [DRY RUN] Se escribiría: C:\Users\Alonso\Videos\automa_fragmentaci-nPDF\output\ACERVO DOCUMENTAL NUMERO 7\SIGLO XVI\FONDO DOCUMENTAL\DIEGO DE AGUILAR\1586\PROTOCOLO 16\REGISTRO 1\PODER\1. ENERO\Ramirianez de Sarabia\Antonio de Valderrama.pdf (2 páginas)
2026-04-28 10:50:13,309 [INFO] Fila 12 / Reg 1: OK - output\ACERVO DOCUMENTAL NUMERO 7\SIGLO XVI\FONDO DOCUMENTAL\DIEGO DE AGUILAR\1586\PROTOCOLO 16\REGISTRO 1\PODER\1. ENERO\Ramirianez de Sarabia\Antonio de Valderrama.pdf (2 pag.: [59, 60])
2026-04-28 10:50:13,309 [INFO] [DRY RUN] Se escribiría: C:\Users\Alonso\Videos\automa_fragmentaci-nPDF\output\ACERVO DOCUMENTAL NUMERO 7\SIGLO XVI\FONDO DOCUMENTAL\DIEGO DE AGUILAR\1586\PROTOCOLO 16\REGISTRO 1\PODER\1. ENERO\Luis Cornejo\Antonio de Valencia.pdf (2 páginas)
2026-04-28 10:50:13,309 [INFO] Fila 13 / Reg 1: OK - output\ACERVO DOCUMENTAL NUMERO 7\SIGLO XVI\FONDO DOCUMENTAL\DIEGO DE AGUILAR\1586\PROTOCOLO 16\REGISTRO 1\PODER\1. ENERO\Luis Cornejo\Antonio de Valencia.pdf (2 pag.: [61, 62])
2026-04-28 10:50:13,310 [INFO] [DRY RUN] Se escribiría: C:\Users\Alonso\Videos\automa_fragmentaci-nPDF\output\ACERVO DOCUMENTAL NUMERO 7\SIGLO XVI\FONDO DOCUMENTAL\DIEGO DE AGUILAR\1586\PROTOCOLO 16\REGISTRO 1\PLEITO\1. ENERO\Juan Vida\Sebastian de Castañeda.pdf (2 páginas)
2026-04-28 10:50:13,310 [INFO] Fila 14 / Reg 1: OK - output\ACERVO DOCUMENTAL NUMERO 7\SIGLO XVI\FONDO DOCUMENTAL\DIEGO DE AGUILAR\1586\PROTOCOLO 16\REGISTRO 1\PLEITO\1. ENERO\Juan Vida\Sebastian de Castañeda.pdf (2 pag.: [63, 64])
2026-04-28 10:50:13,310 [INFO] [DRY RUN] Se escribiría: C:\Users\Alonso\Videos\automa_fragmentaci-nPDF\output\ACERVO DOCUMENTAL NUMERO 7\SIGLO XVI\FONDO DOCUMENTAL\DIEGO DE AGUILAR\1586\PROTOCOLO 16\REGISTRO 1\SERVICIO\1. ENERO\María Cana\Don Juan de Escobar.pdf (1 páginas)
2026-04-28 10:50:13,310 [INFO] Fila 15 / Reg 1: OK - output\ACERVO DOCUMENTAL NUMERO 7\SIGLO XVI\FONDO DOCUMENTAL\DIEGO DE AGUILAR\1586\PROTOCOLO 16\REGISTRO 1\SERVICIO\1. ENERO\María Cana\Don Juan de Escobar.pdf (1 pag.: [65])
2026-04-28 10:50:13,310 [INFO] ============================================================
2026-04-28 10:50:13,310 [INFO] RESUMEN DEL PROCESO
2026-04-28 10:50:13,310 [INFO]   Filas seleccionadas: 4
2026-04-28 10:50:13,310 [INFO]   Procesados:          4
2026-04-28 10:50:13,310 [INFO]   Pendientes:          0
2026-04-28 10:50:13,310 [INFO]   Tiempo:              0.29 segundos
2026-04-28 10:50:13,310 [INFO] ============================================================
2026-04-28 10:56:54,836 [INFO] ============================================================
2026-04-28 10:56:54,837 [INFO] INICIO DEL PROCESO ARCHIVISTICO
2026-04-28 10:56:54,837 [INFO]   Excel:     C:\Users\Alonso\Videos\automa_fragmentaci-nPDF\copia_cata_DiegoAguilar.xlsx
2026-04-28 10:56:54,837 [INFO]   PDF:       C:\Users\Alonso\Videos\automa_fragmentaci-nPDF\documento.pdf
2026-04-28 10:56:54,837 [INFO]   Filas:     12 -> 16
2026-04-28 10:56:54,837 [INFO]   Salida:    C:\Users\Alonso\Videos\automa_fragmentaci-nPDF\output
2026-04-28 10:56:54,837 [INFO]   DRY RUN:   True
2026-04-28 10:56:54,837 [INFO]   Saltos:    ON
2026-04-28 10:56:54,837 [INFO] ============================================================
2026-04-28 10:56:54,846 [INFO] Metadata leida -> Siglo: 'XVI'  |  Acervo N.: '7'
2026-04-28 10:56:54,846 [INFO]   Fondo:     ACERVO DOCUMENTAL NUMERO 7  |  SIGLO XVI
2026-04-28 10:56:54,846 [INFO] Cargando Excel: C:\Users\Alonso\Videos\automa_fragmentaci-nPDF\copia_cata_DiegoAguilar.xlsx
2026-04-28 10:56:54,954 [INFO] Eliminados 35 marcadores de sección (Protocolo/Registro) de los datos
2026-04-28 10:56:54,954 [INFO] Excel cargado: 877 registros (filas 12–950 del Excel)
2026-04-28 10:56:54,955 [INFO] Filas seleccionadas: 5 (filas Excel 12 a 16)
2026-04-28 10:56:54,955 [INFO] Abriendo PDF fuente: C:\Users\Alonso\Videos\automa_fragmentaci-nPDF\documento.pdf (572 KB)
2026-04-28 10:56:54,955 [WARNING] incorrect startxref pointer(1)
2026-04-28 10:56:54,957 [WARNING] parsing for Object Streams
2026-04-28 10:56:55,069 [INFO] PDF fuente tiene 768 páginas
2026-04-28 10:56:55,074 [INFO] [DRY RUN] Se escribiría: C:\Users\Alonso\Videos\automa_fragmentaci-nPDF\output\ACERVO DOCUMENTAL NUMERO 7\SIGLO XVI\FONDO DOCUMENTAL\DIEGO DE AGUILAR\1586\PROTOCOLO 16\REGISTRO 1\PODER\1. ENERO\Ramirianez de Sarabia\Antonio de Valderrama.pdf (2 páginas)
2026-04-28 10:56:55,074 [INFO] Fila 12 / Reg 1: OK - output\ACERVO DOCUMENTAL NUMERO 7\SIGLO XVI\FONDO DOCUMENTAL\DIEGO DE AGUILAR\1586\PROTOCOLO 16\REGISTRO 1\PODER\1. ENERO\Ramirianez de Sarabia\Antonio de Valderrama.pdf (2 pag.: [59, 60])
2026-04-28 10:56:55,075 [INFO] [DRY RUN] Se escribiría: C:\Users\Alonso\Videos\automa_fragmentaci-nPDF\output\ACERVO DOCUMENTAL NUMERO 7\SIGLO XVI\FONDO DOCUMENTAL\DIEGO DE AGUILAR\1586\PROTOCOLO 16\REGISTRO 1\PODER\1. ENERO\Luis Cornejo\Antonio de Valencia.pdf (2 páginas)
2026-04-28 10:56:55,075 [INFO] Fila 13 / Reg 1: OK - output\ACERVO DOCUMENTAL NUMERO 7\SIGLO XVI\FONDO DOCUMENTAL\DIEGO DE AGUILAR\1586\PROTOCOLO 16\REGISTRO 1\PODER\1. ENERO\Luis Cornejo\Antonio de Valencia.pdf (2 pag.: [61, 62])
2026-04-28 10:56:55,075 [INFO] [DRY RUN] Se escribiría: C:\Users\Alonso\Videos\automa_fragmentaci-nPDF\output\ACERVO DOCUMENTAL NUMERO 7\SIGLO XVI\FONDO DOCUMENTAL\DIEGO DE AGUILAR\1586\PROTOCOLO 16\REGISTRO 1\PLEITO\1. ENERO\Juan Vida\Sebastian de Castañeda.pdf (2 páginas)
2026-04-28 10:56:55,075 [INFO] Fila 14 / Reg 1: OK - output\ACERVO DOCUMENTAL NUMERO 7\SIGLO XVI\FONDO DOCUMENTAL\DIEGO DE AGUILAR\1586\PROTOCOLO 16\REGISTRO 1\PLEITO\1. ENERO\Juan Vida\Sebastian de Castañeda.pdf (2 pag.: [63, 64])
2026-04-28 10:56:55,076 [INFO] [DRY RUN] Se escribiría: C:\Users\Alonso\Videos\automa_fragmentaci-nPDF\output\ACERVO DOCUMENTAL NUMERO 7\SIGLO XVI\FONDO DOCUMENTAL\DIEGO DE AGUILAR\1586\PROTOCOLO 16\REGISTRO 1\SERVICIO\1. ENERO\María Cana\Don Juan de Escobar.pdf (1 páginas)
2026-04-28 10:56:55,076 [INFO] Fila 15 / Reg 1: OK - output\ACERVO DOCUMENTAL NUMERO 7\SIGLO XVI\FONDO DOCUMENTAL\DIEGO DE AGUILAR\1586\PROTOCOLO 16\REGISTRO 1\SERVICIO\1. ENERO\María Cana\Don Juan de Escobar.pdf (1 pag.: [65])
2026-04-28 10:56:55,076 [INFO] [DRY RUN] Se escribiría: C:\Users\Alonso\Videos\automa_fragmentaci-nPDF\output\ACERVO DOCUMENTAL NUMERO 7\SIGLO XVI\FONDO DOCUMENTAL\DIEGO DE AGUILAR\1586\PROTOCOLO 16\REGISTRO 1\PODER\1. ENERO\Alonso Beltran Luzero\Antonio de Rivera.pdf (2 páginas)
2026-04-28 10:56:55,076 [INFO] Fila 16 / Reg 1: OK - output\ACERVO DOCUMENTAL NUMERO 7\SIGLO XVI\FONDO DOCUMENTAL\DIEGO DE AGUILAR\1586\PROTOCOLO 16\REGISTRO 1\PODER\1. ENERO\Alonso Beltran Luzero\Antonio de Rivera.pdf (2 pag.: [66, 67])
2026-04-28 10:56:55,076 [INFO] ============================================================
2026-04-28 10:56:55,076 [INFO] RESUMEN DEL PROCESO
2026-04-28 10:56:55,076 [INFO]   Filas seleccionadas: 5
2026-04-28 10:56:55,076 [INFO]   Procesados:          5
2026-04-28 10:56:55,076 [INFO]   Pendientes:          0
2026-04-28 10:56:55,076 [INFO]   Tiempo:              0.24 segundos
2026-04-28 10:56:55,077 [INFO] ============================================================
2026-04-28 11:08:56,266 [INFO] ============================================================
2026-04-28 11:08:56,266 [INFO] INICIO DEL PROCESO ARCHIVISTICO
2026-04-28 11:08:56,266 [INFO]   Excel:     C:\Users\Alonso\Videos\automa_fragmentaci-nPDF\copia_cata_DiegoAguilar.xlsx
2026-04-28 11:08:56,266 [INFO]   PDF:       C:\Users\Alonso\Videos\automa_fragmentaci-nPDF\documento.pdf
2026-04-28 11:08:56,267 [INFO]   Filas:     12 -> 50
2026-04-28 11:08:56,267 [INFO]   Salida:    C:\Users\Alonso\Videos\automa_fragmentaci-nPDF\output
2026-04-28 11:08:56,267 [INFO]   DRY RUN:   True
2026-04-28 11:08:56,267 [INFO]   Saltos:    ON
2026-04-28 11:08:56,267 [INFO] ============================================================
2026-04-28 11:08:56,275 [INFO] Metadata leida -> Siglo: 'XVI'  |  Acervo N.: '7'
2026-04-28 11:08:56,276 [INFO]   Fondo:     ACERVO DOCUMENTAL NUMERO 7  |  SIGLO XVI
2026-04-28 11:08:56,276 [INFO] Cargando Excel: C:\Users\Alonso\Videos\automa_fragmentaci-nPDF\copia_cata_DiegoAguilar.xlsx
2026-04-28 11:08:56,388 [INFO] Eliminados 35 marcadores de sección (Protocolo/Registro) de los datos
2026-04-28 11:08:56,388 [INFO] Excel cargado: 877 registros (filas 12–950 del Excel)
2026-04-28 11:08:56,388 [INFO] Filas seleccionadas: 38 (filas Excel 12 a 50)
2026-04-28 11:08:56,388 [INFO] Abriendo PDF fuente: C:\Users\Alonso\Videos\automa_fragmentaci-nPDF\documento.pdf (572 KB)
2026-04-28 11:08:56,389 [WARNING] incorrect startxref pointer(1)
2026-04-28 11:08:56,390 [WARNING] parsing for Object Streams
2026-04-28 11:08:56,502 [INFO] PDF fuente tiene 768 páginas
2026-04-28 11:08:56,507 [INFO] [DRY RUN] Se escribiría: C:\Users\Alonso\Videos\automa_fragmentaci-nPDF\output\ACERVO DOCUMENTAL NUMERO 7\SIGLO XVI\FONDO DOCUMENTAL\DIEGO DE AGUILAR\1586\PROTOCOLO 16\REGISTRO 1\PODER\1. ENERO\Ramirianez de Sarabia\Antonio de Valderrama.pdf (2 páginas)
2026-04-28 11:08:56,507 [INFO] Fila 12 / Reg 1: OK - output\ACERVO DOCUMENTAL NUMERO 7\SIGLO XVI\FONDO DOCUMENTAL\DIEGO DE AGUILAR\1586\PROTOCOLO 16\REGISTRO 1\PODER\1. ENERO\Ramirianez de Sarabia\Antonio de Valderrama.pdf (2 pag.: [59, 60])
2026-04-28 11:08:56,508 [INFO] [DRY RUN] Se escribiría: C:\Users\Alonso\Videos\automa_fragmentaci-nPDF\output\ACERVO DOCUMENTAL NUMERO 7\SIGLO XVI\FONDO DOCUMENTAL\DIEGO DE AGUILAR\1586\PROTOCOLO 16\REGISTRO 1\PODER\1. ENERO\Luis Cornejo\Antonio de Valencia.pdf (2 páginas)
2026-04-28 11:08:56,508 [INFO] Fila 13 / Reg 1: OK - output\ACERVO DOCUMENTAL NUMERO 7\SIGLO XVI\FONDO DOCUMENTAL\DIEGO DE AGUILAR\1586\PROTOCOLO 16\REGISTRO 1\PODER\1. ENERO\Luis Cornejo\Antonio de Valencia.pdf (2 pag.: [61, 62])
2026-04-28 11:08:56,508 [INFO] [DRY RUN] Se escribiría: C:\Users\Alonso\Videos\automa_fragmentaci-nPDF\output\ACERVO DOCUMENTAL NUMERO 7\SIGLO XVI\FONDO DOCUMENTAL\DIEGO DE AGUILAR\1586\PROTOCOLO 16\REGISTRO 1\PLEITO\1. ENERO\Juan Vida\Sebastian de Castañeda.pdf (2 páginas)
2026-04-28 11:08:56,509 [INFO] Fila 14 / Reg 1: OK - output\ACERVO DOCUMENTAL NUMERO 7\SIGLO XVI\FONDO DOCUMENTAL\DIEGO DE AGUILAR\1586\PROTOCOLO 16\REGISTRO 1\PLEITO\1. ENERO\Juan Vida\Sebastian de Castañeda.pdf (2 pag.: [63, 64])
2026-04-28 11:08:56,509 [INFO] [DRY RUN] Se escribiría: C:\Users\Alonso\Videos\automa_fragmentaci-nPDF\output\ACERVO DOCUMENTAL NUMERO 7\SIGLO XVI\FONDO DOCUMENTAL\DIEGO DE AGUILAR\1586\PROTOCOLO 16\REGISTRO 1\SERVICIO\1. ENERO\María Cana\Don Juan de Escobar.pdf (1 páginas)
2026-04-28 11:08:56,509 [INFO] Fila 15 / Reg 1: OK - output\ACERVO DOCUMENTAL NUMERO 7\SIGLO XVI\FONDO DOCUMENTAL\DIEGO DE AGUILAR\1586\PROTOCOLO 16\REGISTRO 1\SERVICIO\1. ENERO\María Cana\Don Juan de Escobar.pdf (1 pag.: [65])
2026-04-28 11:08:56,509 [INFO] [DRY RUN] Se escribiría: C:\Users\Alonso\Videos\automa_fragmentaci-nPDF\output\ACERVO DOCUMENTAL NUMERO 7\SIGLO XVI\FONDO DOCUMENTAL\DIEGO DE AGUILAR\1586\PROTOCOLO 16\REGISTRO 1\PODER\1. ENERO\Alonso Beltran Luzero\Antonio de Rivera.pdf (2 páginas)
2026-04-28 11:08:56,509 [INFO] Fila 16 / Reg 1: OK - output\ACERVO DOCUMENTAL NUMERO 7\SIGLO XVI\FONDO DOCUMENTAL\DIEGO DE AGUILAR\1586\PROTOCOLO 16\REGISTRO 1\PODER\1. ENERO\Alonso Beltran Luzero\Antonio de Rivera.pdf (2 pag.: [66, 67])
2026-04-28 11:08:56,510 [INFO] [DRY RUN] Se escribiría: C:\Users\Alonso\Videos\automa_fragmentaci-nPDF\output\ACERVO DOCUMENTAL NUMERO 7\SIGLO XVI\FONDO DOCUMENTAL\DIEGO DE AGUILAR\1586\PROTOCOLO 16\REGISTRO 1\OBLIGACIÓN\1. ENERO\Pedro Hernandez Jimenez\Gaspar Baez.pdf (2 páginas)
2026-04-28 11:08:56,510 [INFO] Fila 17 / Reg 1: OK - output\ACERVO DOCUMENTAL NUMERO 7\SIGLO XVI\FONDO DOCUMENTAL\DIEGO DE AGUILAR\1586\PROTOCOLO 16\REGISTRO 1\OBLIGACIÓN\1. ENERO\Pedro Hernandez Jimenez\Gaspar Baez.pdf (2 pag.: [68, 69])
2026-04-28 11:08:56,510 [INFO] [DRY RUN] Se escribiría: C:\Users\Alonso\Videos\automa_fragmentaci-nPDF\output\ACERVO DOCUMENTAL NUMERO 7\SIGLO XVI\FONDO DOCUMENTAL\DIEGO DE AGUILAR\1586\PROTOCOLO 16\REGISTRO 1\OBLIGACIÓN\1. ENERO\Pedro Jimenez Hernandez\Salvador Martín.pdf (1 páginas)
2026-04-28 11:08:56,510 [INFO] Fila 18 / Reg 1: OK - output\ACERVO DOCUMENTAL NUMERO 7\SIGLO XVI\FONDO DOCUMENTAL\DIEGO DE AGUILAR\1586\PROTOCOLO 16\REGISTRO 1\OBLIGACIÓN\1. ENERO\Pedro Jimenez Hernandez\Salvador Martín.pdf (1 pag.: [70])
2026-04-28 11:08:56,511 [INFO] [DRY RUN] Se escribiría: C:\Users\Alonso\Videos\automa_fragmentaci-nPDF\output\ACERVO DOCUMENTAL NUMERO 7\SIGLO XVI\FONDO DOCUMENTAL\DIEGO DE AGUILAR\1586\PROTOCOLO 16\REGISTRO 1\SERVICIO\1. ENERO\Madalena Poma\Pedro de Morales.pdf (1 páginas)
2026-04-28 11:08:56,511 [INFO] Fila 19 / Reg 1: OK - output\ACERVO DOCUMENTAL NUMERO 7\SIGLO XVI\FONDO DOCUMENTAL\DIEGO DE AGUILAR\1586\PROTOCOLO 16\REGISTRO 1\SERVICIO\1. ENERO\Madalena Poma\Pedro de Morales.pdf (1 pag.: [71])
2026-04-28 11:08:56,512 [INFO] [DRY RUN] Se escribiría: C:\Users\Alonso\Videos\automa_fragmentaci-nPDF\output\ACERVO DOCUMENTAL NUMERO 7\SIGLO XVI\FONDO DOCUMENTAL\DIEGO DE AGUILAR\1586\PROTOCOLO 16\REGISTRO 1\TESTAMENTE\1. ENERO\Doña Isabel de la Vega Sarmiento\Sin_Interesado2.pdf (11 páginas)
2026-04-28 11:08:56,512 [INFO] Fila 20 / Reg 1: OK - output\ACERVO DOCUMENTAL NUMERO 7\SIGLO XVI\FONDO DOCUMENTAL\DIEGO DE AGUILAR\1586\PROTOCOLO 16\REGISTRO 1\TESTAMENTE\1. ENERO\Doña Isabel de la Vega Sarmiento\Sin_Interesado2.pdf (11 pag.: [72, 73, 74, 75, 76, 77, 78, 79, 80, 81, 82])
2026-04-28 11:08:56,513 [INFO] [DRY RUN] Se escribiría: C:\Users\Alonso\Videos\automa_fragmentaci-nPDF\output\ACERVO DOCUMENTAL NUMERO 7\SIGLO XVI\FONDO DOCUMENTAL\DIEGO DE AGUILAR\1586\PROTOCOLO 16\REGISTRO 1\OBLIGACIÓN\1. ENERO\Francisco de Candia\Hernan Gonzales.pdf (1 páginas)
2026-04-28 11:08:56,513 [INFO] Fila 21 / Reg 1: OK - output\ACERVO DOCUMENTAL NUMERO 7\SIGLO XVI\FONDO DOCUMENTAL\DIEGO DE AGUILAR\1586\PROTOCOLO 16\REGISTRO 1\OBLIGACIÓN\1. ENERO\Francisco de Candia\Hernan Gonzales.pdf (1 pag.: [83])
2026-04-28 11:08:56,513 [INFO] [DRY RUN] Se escribiría: C:\Users\Alonso\Videos\automa_fragmentaci-nPDF\output\ACERVO DOCUMENTAL NUMERO 7\SIGLO XVI\FONDO DOCUMENTAL\DIEGO DE AGUILAR\1586\PROTOCOLO 16\REGISTRO 1\ARRENDAMIENTO\1. ENERO\Alonso de Soto\Don Antonio de la Cuba.pdf (1 páginas)
2026-04-28 11:08:56,513 [INFO] Fila 22 / Reg 1: OK - output\ACERVO DOCUMENTAL NUMERO 7\SIGLO XVI\FONDO DOCUMENTAL\DIEGO DE AGUILAR\1586\PROTOCOLO 16\REGISTRO 1\ARRENDAMIENTO\1. ENERO\Alonso de Soto\Don Antonio de la Cuba.pdf (1 pag.: [84])
2026-04-28 11:08:56,514 [INFO] [DRY RUN] Se escribiría: C:\Users\Alonso\Videos\automa_fragmentaci-nPDF\output\ACERVO DOCUMENTAL NUMERO 7\SIGLO XVI\FONDO DOCUMENTAL\DIEGO DE AGUILAR\1586\PROTOCOLO 16\REGISTRO 1\ARRENDAMIENTO\1. ENERO\Cristobal Romero\Don Antonio de la Cuba.pdf (1 páginas)
2026-04-28 11:08:56,514 [INFO] Fila 23 / Reg 1: OK - output\ACERVO DOCUMENTAL NUMERO 7\SIGLO XVI\FONDO DOCUMENTAL\DIEGO DE AGUILAR\1586\PROTOCOLO 16\REGISTRO 1\ARRENDAMIENTO\1. ENERO\Cristobal Romero\Don Antonio de la Cuba.pdf (1 pag.: [85])
2026-04-28 11:08:56,514 [INFO] [DRY RUN] Se escribiría: C:\Users\Alonso\Videos\automa_fragmentaci-nPDF\output\ACERVO DOCUMENTAL NUMERO 7\SIGLO XVI\FONDO DOCUMENTAL\DIEGO DE AGUILAR\1586\PROTOCOLO 16\REGISTRO 1\OBLIGACIÓN\1. ENERO\Luis Osorio de Quiñones\Andres de Cobarrubias.pdf (1 páginas)
2026-04-28 11:08:56,514 [INFO] Fila 24 / Reg 1: OK - output\ACERVO DOCUMENTAL NUMERO 7\SIGLO XVI\FONDO DOCUMENTAL\DIEGO DE AGUILAR\1586\PROTOCOLO 16\REGISTRO 1\OBLIGACIÓN\1. ENERO\Luis Osorio de Quiñones\Andres de Cobarrubias.pdf (1 pag.: [86])
2026-04-28 11:08:56,515 [INFO] [DRY RUN] Se escribiría: C:\Users\Alonso\Videos\automa_fragmentaci-nPDF\output\ACERVO DOCUMENTAL NUMERO 7\SIGLO XVI\FONDO DOCUMENTAL\DIEGO DE AGUILAR\1586\PROTOCOLO 16\REGISTRO 1\OBLIGACIÓN\1. ENERO\Don Diego Hernandez de Cordoba\Luis Osorio de Quiñones.pdf (2 páginas)
2026-04-28 11:08:56,515 [INFO] Fila 25 / Reg 1: OK - output\ACERVO DOCUMENTAL NUMERO 7\SIGLO XVI\FONDO DOCUMENTAL\DIEGO DE AGUILAR\1586\PROTOCOLO 16\REGISTRO 1\OBLIGACIÓN\1. ENERO\Don Diego Hernandez de Cordoba\Luis Osorio de Quiñones.pdf (2 pag.: [87, 88])
2026-04-28 11:08:56,515 [INFO] [DRY RUN] Se escribiría: C:\Users\Alonso\Videos\automa_fragmentaci-nPDF\output\ACERVO DOCUMENTAL NUMERO 7\SIGLO XVI\FONDO DOCUMENTAL\DIEGO DE AGUILAR\1586\PROTOCOLO 16\REGISTRO 1\VENTA\1. ENERO\Miguel de Bereo\Gaspar Baez.pdf (3 páginas)
2026-04-28 11:08:56,516 [INFO] Fila 26 / Reg 1: OK - output\ACERVO DOCUMENTAL NUMERO 7\SIGLO XVI\FONDO DOCUMENTAL\DIEGO DE AGUILAR\1586\PROTOCOLO 16\REGISTRO 1\VENTA\1. ENERO\Miguel de Bereo\Gaspar Baez.pdf (3 pag.: [89, 90, 91])
2026-04-28 11:08:56,516 [INFO] [DRY RUN] Se escribiría: C:\Users\Alonso\Videos\automa_fragmentaci-nPDF\output\ACERVO DOCUMENTAL NUMERO 7\SIGLO XVI\FONDO DOCUMENTAL\DIEGO DE AGUILAR\1586\PROTOCOLO 16\REGISTRO 1\OBLIGACIÓN\1. ENERO\Gaspar Baez\Miguel de Bereo.pdf (2 páginas)
2026-04-28 11:08:56,516 [INFO] Fila 27 / Reg 1: OK - output\ACERVO DOCUMENTAL NUMERO 7\SIGLO XVI\FONDO DOCUMENTAL\DIEGO DE AGUILAR\1586\PROTOCOLO 16\REGISTRO 1\OBLIGACIÓN\1. ENERO\Gaspar Baez\Miguel de Bereo.pdf (2 pag.: [92, 93])
2026-04-28 11:08:56,517 [INFO] [DRY RUN] Se escribiría: C:\Users\Alonso\Videos\automa_fragmentaci-nPDF\output\ACERVO DOCUMENTAL NUMERO 7\SIGLO XVI\FONDO DOCUMENTAL\DIEGO DE AGUILAR\1586\PROTOCOLO 16\REGISTRO 1\PODER\1. ENERO\Gaspar Baez\Miguel de Bereo.pdf (2 páginas)
2026-04-28 11:08:56,517 [INFO] Fila 28 / Reg 1: OK - output\ACERVO DOCUMENTAL NUMERO 7\SIGLO XVI\FONDO DOCUMENTAL\DIEGO DE AGUILAR\1586\PROTOCOLO 16\REGISTRO 1\PODER\1. ENERO\Gaspar Baez\Miguel de Bereo.pdf (2 pag.: [94, 95])
2026-04-28 11:08:56,517 [INFO] [DRY RUN] Se escribiría: C:\Users\Alonso\Videos\automa_fragmentaci-nPDF\output\ACERVO DOCUMENTAL NUMERO 7\SIGLO XVI\FONDO DOCUMENTAL\DIEGO DE AGUILAR\1586\PROTOCOLO 16\REGISTRO 1\OBLIGACIÓN\1. ENERO\Pedro de León\Antonio de Valencia.pdf (2 páginas)
2026-04-28 11:08:56,517 [INFO] Fila 29 / Reg 1: OK - output\ACERVO DOCUMENTAL NUMERO 7\SIGLO XVI\FONDO DOCUMENTAL\DIEGO DE AGUILAR\1586\PROTOCOLO 16\REGISTRO 1\OBLIGACIÓN\1. ENERO\Pedro de León\Antonio de Valencia.pdf (2 pag.: [96, 97])
2026-04-28 11:08:56,518 [INFO] [DRY RUN] Se escribiría: C:\Users\Alonso\Videos\automa_fragmentaci-nPDF\output\ACERVO DOCUMENTAL NUMERO 7\SIGLO XVI\FONDO DOCUMENTAL\DIEGO DE AGUILAR\1586\PROTOCOLO 16\REGISTRO 1\PODER\1. ENERO\Alonso Osorio\Francisco de Almonte.pdf (2 páginas)
2026-04-28 11:08:56,518 [INFO] Fila 30 / Reg 1: OK - output\ACERVO DOCUMENTAL NUMERO 7\SIGLO XVI\FONDO DOCUMENTAL\DIEGO DE AGUILAR\1586\PROTOCOLO 16\REGISTRO 1\PODER\1. ENERO\Alonso Osorio\Francisco de Almonte.pdf (2 pag.: [98, 99])
2026-04-28 11:08:56,518 [INFO] [DRY RUN] Se escribiría: C:\Users\Alonso\Videos\automa_fragmentaci-nPDF\output\ACERVO DOCUMENTAL NUMERO 7\SIGLO XVI\FONDO DOCUMENTAL\DIEGO DE AGUILAR\1586\PROTOCOLO 16\REGISTRO 1\PAGO\1. ENERO\Luis de Rueda\Juan de Luna.pdf (3 páginas)
2026-04-28 11:08:56,518 [INFO] Fila 31 / Reg 1: OK - output\ACERVO DOCUMENTAL NUMERO 7\SIGLO XVI\FONDO DOCUMENTAL\DIEGO DE AGUILAR\1586\PROTOCOLO 16\REGISTRO 1\PAGO\1. ENERO\Luis de Rueda\Juan de Luna.pdf (3 pag.: [100, 101, 102])
2026-04-28 11:08:56,519 [INFO] [DRY RUN] Se escribiría: C:\Users\Alonso\Videos\automa_fragmentaci-nPDF\output\ACERVO DOCUMENTAL NUMERO 7\SIGLO XVI\FONDO DOCUMENTAL\DIEGO DE AGUILAR\1586\PROTOCOLO 16\REGISTRO 1\RECIBO\1. ENERO\Luis Osorio de Quiñones\Francisco de Almonte.pdf (2 páginas)
2026-04-28 11:08:56,519 [INFO] Fila 32 / Reg 1: OK - output\ACERVO DOCUMENTAL NUMERO 7\SIGLO XVI\FONDO DOCUMENTAL\DIEGO DE AGUILAR\1586\PROTOCOLO 16\REGISTRO 1\RECIBO\1. ENERO\Luis Osorio de Quiñones\Francisco de Almonte.pdf (2 pag.: [103, 104])
2026-04-28 11:08:56,519 [INFO] [DRY RUN] Se escribiría: C:\Users\Alonso\Videos\automa_fragmentaci-nPDF\output\ACERVO DOCUMENTAL NUMERO 7\SIGLO XVI\FONDO DOCUMENTAL\DIEGO DE AGUILAR\1586\PROTOCOLO 16\REGISTRO 1\OBLIGACIÓN\1. ENERO\Luis Osorio de Quiñones\Francisco de Almonte.pdf (2 páginas)
2026-04-28 11:08:56,520 [INFO] Fila 33 / Reg 1: OK - output\ACERVO DOCUMENTAL NUMERO 7\SIGLO XVI\FONDO DOCUMENTAL\DIEGO DE AGUILAR\1586\PROTOCOLO 16\REGISTRO 1\OBLIGACIÓN\1. ENERO\Luis Osorio de Quiñones\Francisco de Almonte.pdf (2 pag.: [105, 106])
2026-04-28 11:08:56,520 [INFO] [DRY RUN] Se escribiría: C:\Users\Alonso\Videos\automa_fragmentaci-nPDF\output\ACERVO DOCUMENTAL NUMERO 7\SIGLO XVI\FONDO DOCUMENTAL\DIEGO DE AGUILAR\1586\PROTOCOLO 16\REGISTRO 1\VENTA\1. ENERO\Juan Ramirez Segarra\Luis Osorio de Quiñones.pdf (3 páginas)
2026-04-28 11:08:56,520 [INFO] Fila 34 / Reg 1: OK - output\ACERVO DOCUMENTAL NUMERO 7\SIGLO XVI\FONDO DOCUMENTAL\DIEGO DE AGUILAR\1586\PROTOCOLO 16\REGISTRO 1\VENTA\1. ENERO\Juan Ramirez Segarra\Luis Osorio de Quiñones.pdf (3 pag.: [107, 108, 109])
2026-04-28 11:08:56,521 [INFO] [DRY RUN] Se escribiría: C:\Users\Alonso\Videos\automa_fragmentaci-nPDF\output\ACERVO DOCUMENTAL NUMERO 7\SIGLO XVI\FONDO DOCUMENTAL\DIEGO DE AGUILAR\1586\PROTOCOLO 16\REGISTRO 1\PODER\1. ENERO\Juan Ramirez Segarra\Luis Osorio de Quiñones.pdf (2 páginas)
2026-04-28 11:08:56,521 [INFO] Fila 35 / Reg 1: OK - output\ACERVO DOCUMENTAL NUMERO 7\SIGLO XVI\FONDO DOCUMENTAL\DIEGO DE AGUILAR\1586\PROTOCOLO 16\REGISTRO 1\PODER\1. ENERO\Juan Ramirez Segarra\Luis Osorio de Quiñones.pdf (2 pag.: [110, 111])
2026-04-28 11:08:56,521 [INFO] [DRY RUN] Se escribiría: C:\Users\Alonso\Videos\automa_fragmentaci-nPDF\output\ACERVO DOCUMENTAL NUMERO 7\SIGLO XVI\FONDO DOCUMENTAL\DIEGO DE AGUILAR\1586\PROTOCOLO 16\REGISTRO 1\PODER\1. ENERO\Alonso Osorio\Alvaro Lopez de Padilla.pdf (2 páginas)
2026-04-28 11:08:56,521 [INFO] Fila 36 / Reg 1: OK - output\ACERVO DOCUMENTAL NUMERO 7\SIGLO XVI\FONDO DOCUMENTAL\DIEGO DE AGUILAR\1586\PROTOCOLO 16\REGISTRO 1\PODER\1. ENERO\Alonso Osorio\Alvaro Lopez de Padilla.pdf (2 pag.: [112, 113])
2026-04-28 11:08:56,522 [INFO] [DRY RUN] Se escribiría: C:\Users\Alonso\Videos\automa_fragmentaci-nPDF\output\ACERVO DOCUMENTAL NUMERO 7\SIGLO XVI\FONDO DOCUMENTAL\DIEGO DE AGUILAR\1586\PROTOCOLO 16\REGISTRO 1\SERVICIO\1. ENERO\María Vicuma\Francisco Rodriguez.pdf (1 páginas)
2026-04-28 11:08:56,522 [INFO] Fila 37 / Reg 1: OK - output\ACERVO DOCUMENTAL NUMERO 7\SIGLO XVI\FONDO DOCUMENTAL\DIEGO DE AGUILAR\1586\PROTOCOLO 16\REGISTRO 1\SERVICIO\1. ENERO\María Vicuma\Francisco Rodriguez.pdf (1 pag.: [114])
2026-04-28 11:08:56,522 [INFO] [DRY RUN] Se escribiría: C:\Users\Alonso\Videos\automa_fragmentaci-nPDF\output\ACERVO DOCUMENTAL NUMERO 7\SIGLO XVI\FONDO DOCUMENTAL\DIEGO DE AGUILAR\1586\PROTOCOLO 16\REGISTRO 1\PODER\1. ENERO\Gerónimo Pacheco\Martín de Mora.pdf (2 páginas)
2026-04-28 11:08:56,522 [INFO] Fila 38 / Reg 1: OK - output\ACERVO DOCUMENTAL NUMERO 7\SIGLO XVI\FONDO DOCUMENTAL\DIEGO DE AGUILAR\1586\PROTOCOLO 16\REGISTRO 1\PODER\1. ENERO\Gerónimo Pacheco\Martín de Mora.pdf (2 pag.: [115, 116])
2026-04-28 11:08:56,523 [INFO] [DRY RUN] Se escribiría: C:\Users\Alonso\Videos\automa_fragmentaci-nPDF\output\ACERVO DOCUMENTAL NUMERO 7\SIGLO XVI\FONDO DOCUMENTAL\DIEGO DE AGUILAR\1586\PROTOCOLO 16\REGISTRO 1\PODER\1. ENERO\Gerónimo Pacheco\Francisco de Torres.pdf (4 páginas)
2026-04-28 11:08:56,523 [INFO] Fila 39 / Reg 1: OK - output\ACERVO DOCUMENTAL NUMERO 7\SIGLO XVI\FONDO DOCUMENTAL\DIEGO DE AGUILAR\1586\PROTOCOLO 16\REGISTRO 1\PODER\1. ENERO\Gerónimo Pacheco\Francisco de Torres.pdf (4 pag.: [117, 118, 119, 120])
2026-04-28 11:08:56,523 [WARNING] Fila 41 / Reg 2: OMITIDO - Salto de secuencia detectado: se esperaba página 121 pero se encontró página 181 (folios '91r-92r'). Páginas faltantes: [121, 122, 123, 124, 125, 126, 127, 128, 129, 130, 131, 132, 133, 134, 135, 136, 137, 138, 139, 140, 141, 142, 143, 144, 145, 146, 147, 148, 149, 150, 151, 152, 153, 154, 155, 156, 157, 158, 159, 160, 161, 162, 163, 164, 165, 166, 167, 168, 169, 170, 171, 172, 173, 174, 175, 176, 177, 178, 179, 180]
2026-04-28 11:08:56,523 [INFO] [DRY RUN] Pendiente: Reg 2 - Salto de secuencia detectado: se esperaba página 121 pero se encontró página 181 (folios '91r-92r'). Páginas faltantes: [121, 122, 123, 124, 125, 126, 127, 128, 129, 130, 131, 132, 133, 134, 135, 136, 137, 138, 139, 140, 141, 142, 143, 144, 145, 146, 147, 148, 149, 150, 151, 152, 153, 154, 155, 156, 157, 158, 159, 160, 161, 162, 163, 164, 165, 166, 167, 168, 169, 170, 171, 172, 173, 174, 175, 176, 177, 178, 179, 180]
2026-04-28 11:08:56,523 [WARNING] Fila 42 / Reg 2: OMITIDO - Salto de secuencia detectado: se esperaba página 121 pero se encontró página 184 (folios '92v'). Páginas faltantes: [121, 122, 123, 124, 125, 126, 127, 128, 129, 130, 131, 132, 133, 134, 135, 136, 137, 138, 139, 140, 141, 142, 143, 144, 145, 146, 147, 148, 149, 150, 151, 152, 153, 154, 155, 156, 157, 158, 159, 160, 161, 162, 163, 164, 165, 166, 167, 168, 169, 170, 171, 172, 173, 174, 175, 176, 177, 178, 179, 180, 181, 182, 183]
2026-04-28 11:08:56,523 [INFO] [DRY RUN] Pendiente: Reg 2 - Salto de secuencia detectado: se esperaba página 121 pero se encontró página 184 (folios '92v'). Páginas faltantes: [121, 122, 123, 124, 125, 126, 127, 128, 129, 130, 131, 132, 133, 134, 135, 136, 137, 138, 139, 140, 141, 142, 143, 144, 145, 146, 147, 148, 149, 150, 151, 152, 153, 154, 155, 156, 157, 158, 159, 160, 161, 162, 163, 164, 165, 166, 167, 168, 169, 170, 171, 172, 173, 174, 175, 176, 177, 178, 179, 180, 181, 182, 183]
2026-04-28 11:08:56,523 [WARNING] Fila 43 / Reg 2: OMITIDO - Salto de secuencia detectado: se esperaba página 121 pero se encontró página 185 (folios '93r-93v'). Páginas faltantes: [121, 122, 123, 124, 125, 126, 127, 128, 129, 130, 131, 132, 133, 134, 135, 136, 137, 138, 139, 140, 141, 142, 143, 144, 145, 146, 147, 148, 149, 150, 151, 152, 153, 154, 155, 156, 157, 158, 159, 160, 161, 162, 163, 164, 165, 166, 167, 168, 169, 170, 171, 172, 173, 174, 175, 176, 177, 178, 179, 180, 181, 182, 183, 184]
2026-04-28 11:08:56,523 [INFO] [DRY RUN] Pendiente: Reg 2 - Salto de secuencia detectado: se esperaba página 121 pero se encontró página 185 (folios '93r-93v'). Páginas faltantes: [121, 122, 123, 124, 125, 126, 127, 128, 129, 130, 131, 132, 133, 134, 135, 136, 137, 138, 139, 140, 141, 142, 143, 144, 145, 146, 147, 148, 149, 150, 151, 152, 153, 154, 155, 156, 157, 158, 159, 160, 161, 162, 163, 164, 165, 166, 167, 168, 169, 170, 171, 172, 173, 174, 175, 176, 177, 178, 179, 180, 181, 182, 183, 184]
2026-04-28 11:08:56,523 [WARNING] Fila 44 / Reg 2: OMITIDO - Salto de secuencia detectado: se esperaba página 121 pero se encontró página 187 (folios '94r-94v'). Páginas faltantes: [121, 122, 123, 124, 125, 126, 127, 128, 129, 130, 131, 132, 133, 134, 135, 136, 137, 138, 139, 140, 141, 142, 143, 144, 145, 146, 147, 148, 149, 150, 151, 152, 153, 154, 155, 156, 157, 158, 159, 160, 161, 162, 163, 164, 165, 166, 167, 168, 169, 170, 171, 172, 173, 174, 175, 176, 177, 178, 179, 180, 181, 182, 183, 184, 185, 186]
2026-04-28 11:08:56,523 [INFO] [DRY RUN] Pendiente: Reg 2 - Salto de secuencia detectado: se esperaba página 121 pero se encontró página 187 (folios '94r-94v'). Páginas faltantes: [121, 122, 123, 124, 125, 126, 127, 128, 129, 130, 131, 132, 133, 134, 135, 136, 137, 138, 139, 140, 141, 142, 143, 144, 145, 146, 147, 148, 149, 150, 151, 152, 153, 154, 155, 156, 157, 158, 159, 160, 161, 162, 163, 164, 165, 166, 167, 168, 169, 170, 171, 172, 173, 174, 175, 176, 177, 178, 179, 180, 181, 182, 183, 184, 185, 186]
2026-04-28 11:08:56,523 [WARNING] Fila 45 / Reg 2: OMITIDO - Salto de secuencia detectado: se esperaba página 121 pero se encontró página 189 (folios '95r-95v'). Páginas faltantes: [121, 122, 123, 124, 125, 126, 127, 128, 129, 130, 131, 132, 133, 134, 135, 136, 137, 138, 139, 140, 141, 142, 143, 144, 145, 146, 147, 148, 149, 150, 151, 152, 153, 154, 155, 156, 157, 158, 159, 160, 161, 162, 163, 164, 165, 166, 167, 168, 169, 170, 171, 172, 173, 174, 175, 176, 177, 178, 179, 180, 181, 182, 183, 184, 185, 186, 187, 188]
2026-04-28 11:08:56,523 [INFO] [DRY RUN] Pendiente: Reg 2 - Salto de secuencia detectado: se esperaba página 121 pero se encontró página 189 (folios '95r-95v'). Páginas faltantes: [121, 122, 123, 124, 125, 126, 127, 128, 129, 130, 131, 132, 133, 134, 135, 136, 137, 138, 139, 140, 141, 142, 143, 144, 145, 146, 147, 148, 149, 150, 151, 152, 153, 154, 155, 156, 157, 158, 159, 160, 161, 162, 163, 164, 165, 166, 167, 168, 169, 170, 171, 172, 173, 174, 175, 176, 177, 178, 179, 180, 181, 182, 183, 184, 185, 186, 187, 188]
2026-04-28 11:08:56,524 [WARNING] Fila 46 / Reg 2: OMITIDO - Salto de secuencia detectado: se esperaba página 121 pero se encontró página 191 (folios '96r'). Páginas faltantes: [121, 122, 123, 124, 125, 126, 127, 128, 129, 130, 131, 132, 133, 134, 135, 136, 137, 138, 139, 140, 141, 142, 143, 144, 145, 146, 147, 148, 149, 150, 151, 152, 153, 154, 155, 156, 157, 158, 159, 160, 161, 162, 163, 164, 165, 166, 167, 168, 169, 170, 171, 172, 173, 174, 175, 176, 177, 178, 179, 180, 181, 182, 183, 184, 185, 186, 187, 188, 189, 190]
2026-04-28 11:08:56,524 [INFO] [DRY RUN] Pendiente: Reg 2 - Salto de secuencia detectado: se esperaba página 121 pero se encontró página 191 (folios '96r'). Páginas faltantes: [121, 122, 123, 124, 125, 126, 127, 128, 129, 130, 131, 132, 133, 134, 135, 136, 137, 138, 139, 140, 141, 142, 143, 144, 145, 146, 147, 148, 149, 150, 151, 152, 153, 154, 155, 156, 157, 158, 159, 160, 161, 162, 163, 164, 165, 166, 167, 168, 169, 170, 171, 172, 173, 174, 175, 176, 177, 178, 179, 180, 181, 182, 183, 184, 185, 186, 187, 188, 189, 190]
2026-04-28 11:08:56,524 [WARNING] Fila 47 / Reg 2: OMITIDO - Salto de secuencia detectado: se esperaba página 121 pero se encontró página 192 (folios '96v-97r'). Páginas faltantes: [121, 122, 123, 124, 125, 126, 127, 128, 129, 130, 131, 132, 133, 134, 135, 136, 137, 138, 139, 140, 141, 142, 143, 144, 145, 146, 147, 148, 149, 150, 151, 152, 153, 154, 155, 156, 157, 158, 159, 160, 161, 162, 163, 164, 165, 166, 167, 168, 169, 170, 171, 172, 173, 174, 175, 176, 177, 178, 179, 180, 181, 182, 183, 184, 185, 186, 187, 188, 189, 190, 191]
2026-04-28 11:08:56,524 [INFO] [DRY RUN] Pendiente: Reg 2 - Salto de secuencia detectado: se esperaba página 121 pero se encontró página 192 (folios '96v-97r'). Páginas faltantes: [121, 122, 123, 124, 125, 126, 127, 128, 129, 130, 131, 132, 133, 134, 135, 136, 137, 138, 139, 140, 141, 142, 143, 144, 145, 146, 147, 148, 149, 150, 151, 152, 153, 154, 155, 156, 157, 158, 159, 160, 161, 162, 163, 164, 165, 166, 167, 168, 169, 170, 171, 172, 173, 174, 175, 176, 177, 178, 179, 180, 181, 182, 183, 184, 185, 186, 187, 188, 189, 190, 191]
2026-04-28 11:08:56,524 [WARNING] Fila 48 / Reg 2: OMITIDO - Salto de secuencia detectado: se esperaba página 121 pero se encontró página 194 (folios '97v-98r'). Páginas faltantes: [121, 122, 123, 124, 125, 126, 127, 128, 129, 130, 131, 132, 133, 134, 135, 136, 137, 138, 139, 140, 141, 142, 143, 144, 145, 146, 147, 148, 149, 150, 151, 152, 153, 154, 155, 156, 157, 158, 159, 160, 161, 162, 163, 164, 165, 166, 167, 168, 169, 170, 171, 172, 173, 174, 175, 176, 177, 178, 179, 180, 181, 182, 183, 184, 185, 186, 187, 188, 189, 190, 191, 192, 193]
2026-04-28 11:08:56,524 [INFO] [DRY RUN] Pendiente: Reg 2 - Salto de secuencia detectado: se esperaba página 121 pero se encontró página 194 (folios '97v-98r'). Páginas faltantes: [121, 122, 123, 124, 125, 126, 127, 128, 129, 130, 131, 132, 133, 134, 135, 136, 137, 138, 139, 140, 141, 142, 143, 144, 145, 146, 147, 148, 149, 150, 151, 152, 153, 154, 155, 156, 157, 158, 159, 160, 161, 162, 163, 164, 165, 166, 167, 168, 169, 170, 171, 172, 173, 174, 175, 176, 177, 178, 179, 180, 181, 182, 183, 184, 185, 186, 187, 188, 189, 190, 191, 192, 193]
2026-04-28 11:08:56,524 [WARNING] Fila 49 / Reg 2: OMITIDO - Salto de secuencia detectado: se esperaba página 121 pero se encontró página 196 (folios '98v-99v'). Páginas faltantes: [121, 122, 123, 124, 125, 126, 127, 128, 129, 130, 131, 132, 133, 134, 135, 136, 137, 138, 139, 140, 141, 142, 143, 144, 145, 146, 147, 148, 149, 150, 151, 152, 153, 154, 155, 156, 157, 158, 159, 160, 161, 162, 163, 164, 165, 166, 167, 168, 169, 170, 171, 172, 173, 174, 175, 176, 177, 178, 179, 180, 181, 182, 183, 184, 185, 186, 187, 188, 189, 190, 191, 192, 193, 194, 195]
2026-04-28 11:08:56,524 [INFO] [DRY RUN] Pendiente: Reg 2 - Salto de secuencia detectado: se esperaba página 121 pero se encontró página 196 (folios '98v-99v'). Páginas faltantes: [121, 122, 123, 124, 125, 126, 127, 128, 129, 130, 131, 132, 133, 134, 135, 136, 137, 138, 139, 140, 141, 142, 143, 144, 145, 146, 147, 148, 149, 150, 151, 152, 153, 154, 155, 156, 157, 158, 159, 160, 161, 162, 163, 164, 165, 166, 167, 168, 169, 170, 171, 172, 173, 174, 175, 176, 177, 178, 179, 180, 181, 182, 183, 184, 185, 186, 187, 188, 189, 190, 191, 192, 193, 194, 195]
2026-04-28 11:08:56,524 [WARNING] Fila 50 / Reg 2: OMITIDO - Salto de secuencia detectado: se esperaba página 121 pero se encontró página 199 (folios '100r-100v'). Páginas faltantes: [121, 122, 123, 124, 125, 126, 127, 128, 129, 130, 131, 132, 133, 134, 135, 136, 137, 138, 139, 140, 141, 142, 143, 144, 145, 146, 147, 148, 149, 150, 151, 152, 153, 154, 155, 156, 157, 158, 159, 160, 161, 162, 163, 164, 165, 166, 167, 168, 169, 170, 171, 172, 173, 174, 175, 176, 177, 178, 179, 180, 181, 182, 183, 184, 185, 186, 187, 188, 189, 190, 191, 192, 193, 194, 195, 196, 197, 198]
2026-04-28 11:08:56,524 [INFO] [DRY RUN] Pendiente: Reg 2 - Salto de secuencia detectado: se esperaba página 121 pero se encontró página 199 (folios '100r-100v'). Páginas faltantes: [121, 122, 123, 124, 125, 126, 127, 128, 129, 130, 131, 132, 133, 134, 135, 136, 137, 138, 139, 140, 141, 142, 143, 144, 145, 146, 147, 148, 149, 150, 151, 152, 153, 154, 155, 156, 157, 158, 159, 160, 161, 162, 163, 164, 165, 166, 167, 168, 169, 170, 171, 172, 173, 174, 175, 176, 177, 178, 179, 180, 181, 182, 183, 184, 185, 186, 187, 188, 189, 190, 191, 192, 193, 194, 195, 196, 197, 198]
2026-04-28 11:08:56,524 [INFO] ============================================================
2026-04-28 11:08:56,524 [INFO] RESUMEN DEL PROCESO
2026-04-28 11:08:56,524 [INFO]   Filas seleccionadas: 38
2026-04-28 11:08:56,524 [INFO]   Procesados:          28
2026-04-28 11:08:56,524 [INFO]   Pendientes:          10
2026-04-28 11:08:56,524 [INFO]   Tiempo:              0.26 segundos
2026-04-28 11:08:56,524 [INFO] ============================================================
